<?xml version="1.0" encoding="UTF-8"?>
<robot generator="Robot 6.1 (Python 3.11.4 on win32)" generated="20230619 15:44:14.299" rpa="false" schemaversion="4">
<suite id="s1" name="Test" source="c:\Users\alexb\Desktop\WCS\cours\RobotFramework\test.robot">
<test id="s1-t1" name="connexion au site avec succes" line="6">
<kw name="Open Browser" library="SeleniumLibrary">
<arg>https://www.saucedemo.com/</arg>
<arg>chrome</arg>
<doc>Opens a new browser instance to the optional ``url``.</doc>
<msg timestamp="20230619 15:44:14.474" level="INFO">Opening browser 'chrome' to base url 'https://www.saucedemo.com/'.</msg>
<status status="PASS" starttime="20230619 15:44:14.474" endtime="20230619 15:44:15.725"/>
</kw>
<kw name="Input Text" library="SeleniumLibrary">
<arg>id:user-name</arg>
<arg>standard_user</arg>
<doc>Types the given ``text`` into the text field identified by ``locator``.</doc>
<msg timestamp="20230619 15:44:15.728" level="INFO">Typing text 'standard_user' into text field 'id:user-name'.</msg>
<status status="PASS" starttime="20230619 15:44:15.726" endtime="20230619 15:44:15.837"/>
</kw>
<kw name="Input Text" library="SeleniumLibrary">
<arg>id:password</arg>
<arg>secret_sauce</arg>
<doc>Types the given ``text`` into the text field identified by ``locator``.</doc>
<msg timestamp="20230619 15:44:15.839" level="INFO">Typing text 'secret_sauce' into text field 'id:password'.</msg>
<status status="PASS" starttime="20230619 15:44:15.838" endtime="20230619 15:44:15.903"/>
</kw>
<kw name="Click Button" library="SeleniumLibrary">
<arg>id:login-button</arg>
<doc>Clicks the button identified by ``locator``.</doc>
<msg timestamp="20230619 15:44:15.904" level="INFO">Clicking button 'id:login-button'.</msg>
<status status="PASS" starttime="20230619 15:44:15.904" endtime="20230619 15:44:15.975"/>
</kw>
<kw name="Location Should Be" library="SeleniumLibrary">
<arg>https://www.saucedemo.com/inventory.html</arg>
<doc>Verifies that the current URL is exactly ``url``.</doc>
<msg timestamp="20230619 15:44:15.986" level="INFO">Current location is 'https://www.saucedemo.com/inventory.html'.</msg>
<status status="PASS" starttime="20230619 15:44:15.976" endtime="20230619 15:44:15.987"/>
</kw>
<status status="PASS" starttime="20230619 15:44:14.473" endtime="20230619 15:44:15.988"/>
</test>
<test id="s1-t2" name="connexion au site avec mdp seulement" line="13">
<kw name="Open Browser" library="SeleniumLibrary">
<arg>https://www.saucedemo.com/</arg>
<arg>chrome</arg>
<doc>Opens a new browser instance to the optional ``url``.</doc>
<msg timestamp="20230619 15:44:15.991" level="INFO">Opening browser 'chrome' to base url 'https://www.saucedemo.com/'.</msg>
<status status="PASS" starttime="20230619 15:44:15.990" endtime="20230619 15:44:17.205"/>
</kw>
<kw name="Input Text" library="SeleniumLibrary">
<arg>id:password</arg>
<arg>secret_sauce</arg>
<doc>Types the given ``text`` into the text field identified by ``locator``.</doc>
<msg timestamp="20230619 15:44:17.207" level="INFO">Typing text 'secret_sauce' into text field 'id:password'.</msg>
<status status="PASS" starttime="20230619 15:44:17.206" endtime="20230619 15:44:17.305"/>
</kw>
<kw name="Click Button" library="SeleniumLibrary">
<arg>id:login-button</arg>
<doc>Clicks the button identified by ``locator``.</doc>
<msg timestamp="20230619 15:44:17.306" level="INFO">Clicking button 'id:login-button'.</msg>
<status status="PASS" starttime="20230619 15:44:17.306" endtime="20230619 15:44:17.354"/>
</kw>
<kw name="Element Text Should Be" library="SeleniumLibrary">
<arg>class:error-message-container</arg>
<arg>Epic sadface: Username is required</arg>
<doc>Verifies that element ``locator`` contains exact the text ``expected``.</doc>
<msg timestamp="20230619 15:44:17.356" level="INFO">Verifying element 'class:error-message-container' contains exact text 'Epic sadface: Username is required'.</msg>
<status status="PASS" starttime="20230619 15:44:17.355" endtime="20230619 15:44:17.380"/>
</kw>
<status status="PASS" starttime="20230619 15:44:15.989" endtime="20230619 15:44:17.381"/>
</test>
<test id="s1-t3" name="connexion au site avec login" line="19">
<kw name="Open Browser" library="SeleniumLibrary">
<arg>https://www.saucedemo.com/</arg>
<arg>chrome</arg>
<doc>Opens a new browser instance to the optional ``url``.</doc>
<msg timestamp="20230619 15:44:17.384" level="INFO">Opening browser 'chrome' to base url 'https://www.saucedemo.com/'.</msg>
<status status="PASS" starttime="20230619 15:44:17.383" endtime="20230619 15:44:18.683"/>
</kw>
<kw name="Input Text" library="SeleniumLibrary">
<arg>id:user-name</arg>
<arg>standard_user</arg>
<doc>Types the given ``text`` into the text field identified by ``locator``.</doc>
<msg timestamp="20230619 15:44:18.685" level="INFO">Typing text 'standard_user' into text field 'id:user-name'.</msg>
<status status="PASS" starttime="20230619 15:44:18.684" endtime="20230619 15:44:18.793"/>
</kw>
<kw name="Click Button" library="SeleniumLibrary">
<arg>id:login-button</arg>
<doc>Clicks the button identified by ``locator``.</doc>
<msg timestamp="20230619 15:44:18.795" level="INFO">Clicking button 'id:login-button'.</msg>
<status status="PASS" starttime="20230619 15:44:18.794" endtime="20230619 15:44:18.845"/>
</kw>
<kw name="Element Text Should Be" library="SeleniumLibrary">
<arg>class:error-message-container</arg>
<arg>Epic sadface: Password is required</arg>
<doc>Verifies that element ``locator`` contains exact the text ``expected``.</doc>
<msg timestamp="20230619 15:44:18.848" level="INFO">Verifying element 'class:error-message-container' contains exact text 'Epic sadface: Password is required'.</msg>
<status status="PASS" starttime="20230619 15:44:18.847" endtime="20230619 15:44:18.874"/>
</kw>
<status status="PASS" starttime="20230619 15:44:17.383" endtime="20230619 15:44:18.875"/>
</test>
<test id="s1-t4" name="connexion au site utilisateur bloqué" line="25">
<kw name="Open Browser" library="SeleniumLibrary">
<arg>https://www.saucedemo.com/</arg>
<arg>chrome</arg>
<doc>Opens a new browser instance to the optional ``url``.</doc>
<msg timestamp="20230619 15:44:18.878" level="INFO">Opening browser 'chrome' to base url 'https://www.saucedemo.com/'.</msg>
<status status="PASS" starttime="20230619 15:44:18.877" endtime="20230619 15:44:20.187"/>
</kw>
<kw name="Input Text" library="SeleniumLibrary">
<arg>id:user-name</arg>
<arg>locked_out_user</arg>
<doc>Types the given ``text`` into the text field identified by ``locator``.</doc>
<msg timestamp="20230619 15:44:20.189" level="INFO">Typing text 'locked_out_user' into text field 'id:user-name'.</msg>
<status status="PASS" starttime="20230619 15:44:20.188" endtime="20230619 15:44:20.299"/>
</kw>
<kw name="Input Text" library="SeleniumLibrary">
<arg>id:password</arg>
<arg>secret_sauce</arg>
<doc>Types the given ``text`` into the text field identified by ``locator``.</doc>
<msg timestamp="20230619 15:44:20.300" level="INFO">Typing text 'secret_sauce' into text field 'id:password'.</msg>
<status status="PASS" starttime="20230619 15:44:20.299" endtime="20230619 15:44:20.373"/>
</kw>
<kw name="Click Button" library="SeleniumLibrary">
<arg>id:login-button</arg>
<doc>Clicks the button identified by ``locator``.</doc>
<msg timestamp="20230619 15:44:20.375" level="INFO">Clicking button 'id:login-button'.</msg>
<status status="PASS" starttime="20230619 15:44:20.374" endtime="20230619 15:44:20.429"/>
</kw>
<kw name="Element Text Should Be" library="SeleniumLibrary">
<arg>class:error-message-container</arg>
<arg>Epic sadface: Sorry, this user has been locked out.</arg>
<doc>Verifies that element ``locator`` contains exact the text ``expected``.</doc>
<msg timestamp="20230619 15:44:20.430" level="INFO">Verifying element 'class:error-message-container' contains exact text 'Epic sadface: Sorry, this user has been locked out.'.</msg>
<status status="PASS" starttime="20230619 15:44:20.430" endtime="20230619 15:44:20.451"/>
</kw>
<status status="PASS" starttime="20230619 15:44:18.876" endtime="20230619 15:44:20.451"/>
</test>
<test id="s1-t5" name="Test E2E avec achat" line="32">
<kw name="Open Browser" library="SeleniumLibrary">
<arg>https://www.saucedemo.com/</arg>
<arg>chrome</arg>
<doc>Opens a new browser instance to the optional ``url``.</doc>
<msg timestamp="20230619 15:44:20.454" level="INFO">Opening browser 'chrome' to base url 'https://www.saucedemo.com/'.</msg>
<status status="PASS" starttime="20230619 15:44:20.454" endtime="20230619 15:44:21.740"/>
</kw>
<kw name="Input Text" library="SeleniumLibrary">
<arg>id:user-name</arg>
<arg>standard_user</arg>
<doc>Types the given ``text`` into the text field identified by ``locator``.</doc>
<msg timestamp="20230619 15:44:21.748" level="INFO">Typing text 'standard_user' into text field 'id:user-name'.</msg>
<status status="PASS" starttime="20230619 15:44:21.747" endtime="20230619 15:44:21.872"/>
</kw>
<kw name="Input Text" library="SeleniumLibrary">
<arg>id:password</arg>
<arg>secret_sauce</arg>
<doc>Types the given ``text`` into the text field identified by ``locator``.</doc>
<msg timestamp="20230619 15:44:21.874" level="INFO">Typing text 'secret_sauce' into text field 'id:password'.</msg>
<status status="PASS" starttime="20230619 15:44:21.873" endtime="20230619 15:44:21.952"/>
</kw>
<kw name="Click Button" library="SeleniumLibrary">
<arg>id:login-button</arg>
<doc>Clicks the button identified by ``locator``.</doc>
<msg timestamp="20230619 15:44:21.953" level="INFO">Clicking button 'id:login-button'.</msg>
<status status="PASS" starttime="20230619 15:44:21.952" endtime="20230619 15:44:22.032"/>
</kw>
<kw name="Location Should Be" library="SeleniumLibrary">
<arg>https://www.saucedemo.com/inventory.html</arg>
<doc>Verifies that the current URL is exactly ``url``.</doc>
<msg timestamp="20230619 15:44:22.049" level="INFO">Current location is 'https://www.saucedemo.com/inventory.html'.</msg>
<status status="PASS" starttime="20230619 15:44:22.033" endtime="20230619 15:44:22.049"/>
</kw>
<kw name="Click Button" library="SeleniumLibrary">
<arg>id:add-to-cart-sauce-labs-backpack</arg>
<doc>Clicks the button identified by ``locator``.</doc>
<msg timestamp="20230619 15:44:22.052" level="INFO">Clicking button 'id:add-to-cart-sauce-labs-backpack'.</msg>
<status status="PASS" starttime="20230619 15:44:22.051" endtime="20230619 15:44:22.116"/>
</kw>
<kw name="Click Element" library="SeleniumLibrary">
<arg>class:shopping_cart_link</arg>
<doc>Click the element identified by ``locator``.</doc>
<msg timestamp="20230619 15:44:22.118" level="INFO">Clicking element 'class:shopping_cart_link'.</msg>
<status status="PASS" starttime="20230619 15:44:22.117" endtime="20230619 15:44:22.167"/>
</kw>
<kw name="Location Should Be" library="SeleniumLibrary">
<arg>https://www.saucedemo.com/cart.html</arg>
<doc>Verifies that the current URL is exactly ``url``.</doc>
<msg timestamp="20230619 15:44:22.173" level="INFO">Current location is 'https://www.saucedemo.com/cart.html'.</msg>
<status status="PASS" starttime="20230619 15:44:22.168" endtime="20230619 15:44:22.173"/>
</kw>
<kw name="Click Button" library="SeleniumLibrary">
<arg>id:checkout</arg>
<doc>Clicks the button identified by ``locator``.</doc>
<msg timestamp="20230619 15:44:22.175" level="INFO">Clicking button 'id:checkout'.</msg>
<status status="PASS" starttime="20230619 15:44:22.174" endtime="20230619 15:44:22.225"/>
</kw>
<kw name="Input Text" library="SeleniumLibrary">
<arg>id:first-name</arg>
<arg>Jean</arg>
<doc>Types the given ``text`` into the text field identified by ``locator``.</doc>
<msg timestamp="20230619 15:44:22.228" level="INFO">Typing text 'Jean' into text field 'id:first-name'.</msg>
<status status="PASS" starttime="20230619 15:44:22.226" endtime="20230619 15:44:22.297"/>
</kw>
<kw name="Input Text" library="SeleniumLibrary">
<arg>id:last-name</arg>
<arg>Valjean</arg>
<doc>Types the given ``text`` into the text field identified by ``locator``.</doc>
<msg timestamp="20230619 15:44:22.298" level="INFO">Typing text 'Valjean' into text field 'id:last-name'.</msg>
<status status="PASS" starttime="20230619 15:44:22.297" endtime="20230619 15:44:22.374"/>
</kw>
<kw name="Input Text" library="SeleniumLibrary">
<arg>id:postal-code</arg>
<arg>33820</arg>
<doc>Types the given ``text`` into the text field identified by ``locator``.</doc>
<msg timestamp="20230619 15:44:22.375" level="INFO">Typing text '33820' into text field 'id:postal-code'.</msg>
<status status="PASS" starttime="20230619 15:44:22.375" endtime="20230619 15:44:22.474"/>
</kw>
<kw name="Click Button" library="SeleniumLibrary">
<arg>id:continue</arg>
<doc>Clicks the button identified by ``locator``.</doc>
<msg timestamp="20230619 15:44:22.475" level="INFO">Clicking button 'id:continue'.</msg>
<status status="PASS" starttime="20230619 15:44:22.475" endtime="20230619 15:44:22.520"/>
</kw>
<kw name="Location Should Be" library="SeleniumLibrary">
<arg>https://www.saucedemo.com/checkout-step-two.html</arg>
<doc>Verifies that the current URL is exactly ``url``.</doc>
<msg timestamp="20230619 15:44:22.525" level="INFO">Current location is 'https://www.saucedemo.com/checkout-step-two.html'.</msg>
<status status="PASS" starttime="20230619 15:44:22.521" endtime="20230619 15:44:22.526"/>
</kw>
<kw name="Click Button" library="SeleniumLibrary">
<arg>finish</arg>
<doc>Clicks the button identified by ``locator``.</doc>
<msg timestamp="20230619 15:44:22.527" level="INFO">Clicking button 'finish'.</msg>
<status status="PASS" starttime="20230619 15:44:22.526" endtime="20230619 15:44:22.574"/>
</kw>
<kw name="Location Should Be" library="SeleniumLibrary">
<arg>https://www.saucedemo.com/checkout-complete.html</arg>
<doc>Verifies that the current URL is exactly ``url``.</doc>
<msg timestamp="20230619 15:44:22.580" level="INFO">Current location is 'https://www.saucedemo.com/checkout-complete.html'.</msg>
<status status="PASS" starttime="20230619 15:44:22.574" endtime="20230619 15:44:22.580"/>
</kw>
<kw name="Element Should Contain" library="SeleniumLibrary">
<arg>id:checkout_complete_container</arg>
<arg>Thank you for your order!</arg>
<doc>Verifies that element ``locator`` contains text ``expected``.</doc>
<msg timestamp="20230619 15:44:22.604" level="INFO">Element 'id:checkout_complete_container' contains text 'Thank you for your order!'.</msg>
<status status="PASS" starttime="20230619 15:44:22.581" endtime="20230619 15:44:22.604"/>
</kw>
<status status="PASS" starttime="20230619 15:44:20.453" endtime="20230619 15:44:22.605"/>
</test>
<status status="PASS" starttime="20230619 15:44:14.303" endtime="20230619 15:44:22.606"/>
</suite>
<statistics>
<total>
<stat pass="5" fail="0" skip="0">All Tests</stat>
</total>
<tag>
</tag>
<suite>
<stat pass="5" fail="0" skip="0" id="s1" name="Test">Test</stat>
</suite>
</statistics>
<errors>
</errors>
</robot>
